\BOOKMARK [1][-]{section.1}{Functional Language}{}% 1
\BOOKMARK [2][-]{subsection.1.1}{Summing 1 to 10 in java}{section.1}% 2
\BOOKMARK [2][-]{subsection.1.2}{Summing 1 to 10 in Haskell}{section.1}% 3
\BOOKMARK [2][-]{subsection.1.3}{Example:quicksort\(\) in haskell}{section.1}% 4
\BOOKMARK [1][-]{section.2}{Introduction to Haskell}{}% 5
\BOOKMARK [2][-]{subsection.2.1}{The Prelude}{section.2}% 6
\BOOKMARK [3][-]{subsubsection.2.1.1}{Examples with list manipulators}{subsection.2.1}% 7
\BOOKMARK [2][-]{subsection.2.2}{Functions with lists}{section.2}% 8
\BOOKMARK [2][-]{subsection.2.3}{Function application}{section.2}% 9
\BOOKMARK [2][-]{subsection.2.4}{Haskell scripts}{section.2}% 10
\BOOKMARK [3][-]{subsubsection.2.4.1}{Example factorial and average function in haskell}{subsection.2.4}% 11
\BOOKMARK [1][-]{section.3}{Types and classes}{}% 12
\BOOKMARK [2][-]{subsection.3.1}{Basic Haskell Types}{section.3}% 13
\BOOKMARK [2][-]{subsection.3.2}{Function Types}{section.3}% 14
\BOOKMARK [2][-]{subsection.3.3}{Curried Functions}{section.3}% 15
\BOOKMARK [2][-]{subsection.3.4}{Polymorphic functions}{section.3}% 16
\BOOKMARK [2][-]{subsection.3.5}{Overloaded Functions}{section.3}% 17
\BOOKMARK [3][-]{subsubsection.3.5.1}{Haskell classes}{subsection.3.5}% 18
\BOOKMARK [1][-]{section.4}{Defining Functions}{}% 19
\BOOKMARK [2][-]{subsection.4.1}{Conditional Expressions}{section.4}% 20
\BOOKMARK [2][-]{subsection.4.2}{Guarded Equations}{section.4}% 21
\BOOKMARK [2][-]{subsection.4.3}{Pattern Matching}{section.4}% 22
\BOOKMARK [3][-]{subsubsection.4.3.1}{List patterns}{subsection.4.3}% 23
\BOOKMARK [2][-]{subsection.4.4}{Lambda Expressions}{section.4}% 24
\BOOKMARK [1][-]{section.5}{List Comprehensions}{}% 25
\BOOKMARK [2][-]{subsection.5.1}{Dependant Generators}{section.5}% 26
\BOOKMARK [2][-]{subsection.5.2}{Guards}{section.5}% 27
\BOOKMARK [2][-]{subsection.5.3}{The zip function}{section.5}% 28
\BOOKMARK [2][-]{subsection.5.4}{String Comprehension}{section.5}% 29
\BOOKMARK [1][-]{section.6}{Recursive Functions}{}% 30
\BOOKMARK [2][-]{subsection.6.1}{Why recursion?}{section.6}% 31
\BOOKMARK [2][-]{subsection.6.2}{Recursion on list}{section.6}% 32
\BOOKMARK [3][-]{subsubsection.6.2.1}{Product}{subsection.6.2}% 33
\BOOKMARK [3][-]{subsubsection.6.2.2}{length}{subsection.6.2}% 34
\BOOKMARK [2][-]{subsection.6.3}{Quicksort}{section.6}% 35
\BOOKMARK [1][-]{section.7}{Higher-Order Functions}{}% 36
\BOOKMARK [2][-]{subsection.7.1}{The map function}{section.7}% 37
\BOOKMARK [2][-]{subsection.7.2}{The filter function}{section.7}% 38
\BOOKMARK [2][-]{subsection.7.3}{The foldr function}{section.7}% 39
\BOOKMARK [2][-]{subsection.7.4}{Dot notation \(.\)}{section.7}% 40
\BOOKMARK [2][-]{subsection.7.5}{More High-order functions}{section.7}% 41
\BOOKMARK [1][-]{section.8}{Type declarations}{}% 42
\BOOKMARK [2][-]{subsection.8.1}{Data declarations}{section.8}% 43
\BOOKMARK [2][-]{subsection.8.2}{Recursive Types}{section.8}% 44
\BOOKMARK [1][-]{section.9}{Function Appendix}{}% 45
\BOOKMARK [2][-]{subsubsection.9.0.1}{sqrt}{section.9}% 46
\BOOKMARK [3][-]{subsubsection.9.0.2}{product}{subsubsection.9.0.1}% 47
\BOOKMARK [2][-]{subsection.9.1}{List functions}{section.9}% 48
\BOOKMARK [3][-]{subsubsection.9.1.1}{tail}{subsection.9.1}% 49
\BOOKMARK [3][-]{subsubsection.9.1.2}{head}{subsection.9.1}% 50
\BOOKMARK [3][-]{subsubsection.9.1.3}{take}{subsection.9.1}% 51
\BOOKMARK [3][-]{subsubsection.9.1.4}{drop}{subsection.9.1}% 52
\BOOKMARK [3][-]{subsubsection.9.1.5}{length}{subsection.9.1}% 53
\BOOKMARK [3][-]{subsubsection.9.1.6}{concat}{subsection.9.1}% 54
\BOOKMARK [3][-]{subsubsection.9.1.7}{zip}{subsection.9.1}% 55
\BOOKMARK [2][-]{subsection.9.2}{High-Order Functions}{section.9}% 56
\BOOKMARK [3][-]{subsubsection.9.2.1}{Map}{subsection.9.2}% 57
\BOOKMARK [3][-]{subsubsection.9.2.2}{Filter}{subsection.9.2}% 58
\BOOKMARK [3][-]{subsubsection.9.2.3}{\(.\)}{subsection.9.2}% 59
\BOOKMARK [3][-]{subsubsection.9.2.4}{all}{subsection.9.2}% 60
\BOOKMARK [3][-]{subsubsection.9.2.5}{any}{subsection.9.2}% 61
\BOOKMARK [3][-]{subsubsection.9.2.6}{takeWhile}{subsection.9.2}% 62
\BOOKMARK [3][-]{subsubsection.9.2.7}{dropWhile}{subsection.9.2}% 63
