\BOOKMARK [1][-]{section.1}{What the fuck is Object Orientation?}{}% 1
\BOOKMARK [2][-]{subsection.1.1}{Introduction}{section.1}% 2
\BOOKMARK [2][-]{subsection.1.2}{What are objects?}{section.1}% 3
\BOOKMARK [2][-]{subsection.1.3}{What are classes?}{section.1}% 4
\BOOKMARK [2][-]{subsection.1.4}{Benefits of Data Encapsulation}{section.1}% 5
\BOOKMARK [1][-]{section.2}{Lecture 1 - Intro and zombies program}{}% 6
\BOOKMARK [2][-]{subsection.2.1}{Introduction}{section.2}% 7
\BOOKMARK [2][-]{subsection.2.2}{Benefits of Object Orientation}{section.2}% 8
\BOOKMARK [1][-]{section.3}{Lecture 2 - More zombie shit}{}% 9
\BOOKMARK [2][-]{subsection.3.1}{Accessors and Mutators}{section.3}% 10
\BOOKMARK [3][-]{subsubsection.3.1.1}{Using Accessor Methods}{subsection.3.1}% 11
\BOOKMARK [3][-]{subsubsection.3.1.2}{Using Mutator Methods}{subsection.3.1}% 12
\BOOKMARK [2][-]{subsection.3.2}{Member functions}{section.3}% 13
\BOOKMARK [2][-]{subsection.3.3}{Static members}{section.3}% 14
\BOOKMARK [1][-]{section.4}{Lecture 3 - Introduction to Java}{}% 15
\BOOKMARK [2][-]{subsection.4.1}{Some standard Java classes}{section.4}% 16
\BOOKMARK [2][-]{subsection.4.2}{Java vs C: Differences}{section.4}% 17
\BOOKMARK [2][-]{subsection.4.3}{Data}{section.4}% 18
\BOOKMARK [2][-]{subsection.4.4}{Example of basic GUI Hell World}{section.4}% 19
\BOOKMARK [1][-]{section.5}{Lecture 4 - Decomposition by objects, Intro to class diagrams}{}% 20
\BOOKMARK [2][-]{subsection.5.1}{More about Object-Orientation}{section.5}% 21
\BOOKMARK [3][-]{subsubsection.5.1.1}{More on Classes}{subsection.5.1}% 22
\BOOKMARK [2][-]{subsection.5.2}{Relationships between objects}{section.5}% 23
\BOOKMARK [3][-]{subsubsection.5.2.1}{Association}{subsection.5.2}% 24
\BOOKMARK [3][-]{subsubsection.5.2.2}{Aggregation}{subsection.5.2}% 25
\BOOKMARK [3][-]{subsubsection.5.2.3}{Composition}{subsection.5.2}% 26
\BOOKMARK [2][-]{subsection.5.3}{CRC-cards}{section.5}% 27
\BOOKMARK [2][-]{subsection.5.4}{Class Diagrams}{section.5}% 28
\BOOKMARK [2][-]{subsection.5.5}{Class libraries}{section.5}% 29
\BOOKMARK [2][-]{subsection.5.6}{New operator \046 Object References}{section.5}% 30
\BOOKMARK [1][-]{section.6}{Lecture 5 - Java Classes and Relationships}{}% 31
\BOOKMARK [2][-]{subsection.6.1}{Constructors and Parameters}{section.6}% 32
\BOOKMARK [2][-]{subsection.6.2}{Object Diagrams}{section.6}% 33
\BOOKMARK [2][-]{subsection.6.3}{Layout managers}{section.6}% 34
\BOOKMARK [1][-]{section.7}{Lecture 6 - Virtual functions \046 Polymorphism}{}% 35
\BOOKMARK [2][-]{subsection.7.1}{Inheritance Example}{section.7}% 36
\BOOKMARK [2][-]{subsection.7.2}{Polymorphism}{section.7}% 37
\BOOKMARK [2][-]{subsection.7.3}{Standar Class Hierachy}{section.7}% 38
\BOOKMARK [1][-]{section.8}{Lecture 7 - Packages and Interfaces}{}% 39
\BOOKMARK [2][-]{subsection.8.1}{Packages}{section.8}% 40
\BOOKMARK [2][-]{subsection.8.2}{Some Reminders}{section.8}% 41
\BOOKMARK [3][-]{subsubsection.8.2.1}{Data Encapsulation}{subsection.8.2}% 42
\BOOKMARK [3][-]{subsubsection.8.2.2}{Inheritance}{subsection.8.2}% 43
\BOOKMARK [3][-]{subsubsection.8.2.3}{This and super}{subsection.8.2}% 44
\BOOKMARK [3][-]{subsubsection.8.2.4}{Sub Classes}{subsection.8.2}% 45
\BOOKMARK [2][-]{subsection.8.3}{Interfaces}{section.8}% 46
\BOOKMARK [2][-]{subsection.8.4}{Identifying classes: common types}{section.8}% 47
\BOOKMARK [2][-]{subsection.8.5}{Coupling and cohesion}{section.8}% 48
\BOOKMARK [2][-]{subsection.8.6}{Event handlers}{section.8}% 49
\BOOKMARK [1][-]{section.9}{Lecture 8 - Inner/Anonymous Classes}{}% 50
\BOOKMARK [2][-]{subsection.9.1}{Abstract Classes/Methods}{section.9}% 51
\BOOKMARK [2][-]{subsection.9.2}{Nested/Inner classes}{section.9}% 52
\BOOKMARK [2][-]{subsection.9.3}{Adapters}{section.9}% 53
\BOOKMARK [2][-]{subsection.9.4}{Anonymous classes}{section.9}% 54
\BOOKMARK [2][-]{subsection.9.5}{Threads}{section.9}% 55
\BOOKMARK [1][-]{section.10}{Lecture 9 - Concurrency, exceptions}{}% 56
\BOOKMARK [2][-]{subsection.10.1}{Sharing data/volatile}{section.10}% 57
\BOOKMARK [2][-]{subsection.10.2}{Creating threads}{section.10}% 58
